nohup: ignoring input
Connected to MongoDB
Server running on port 5000
Socket.IO server initialized
[2025-08-04T04:46:11.171Z] GET /health
Headers: { host: 'localhost:5000', 'user-agent': 'curl/8.9.0', accept: '*/*' }
Body: {}
🔍 Health check endpoint called
🔍 Starting health check...
📊 Database check: healthy
📊 Memory check: healthy
📊 CPU check: healthy
📊 Disk check: healthy
📊 API check: healthy
📊 Overall health: healthy
📊 Healthy checks: 5 / 5
📊 Health check completed, status: healthy
[2025-08-04T04:46:22.313Z] GET /api/notifications
Headers: {
  host: 'localhost:5000',
  connection: 'keep-alive',
  'sec-ch-ua-platform': '"Windows"',
  authorization: 'Bearer eyJhbGciOiJIUzI1NiIsInR5cCI6IkpXVCJ9.eyJpZCI6IjY4OGJkYmNmMDk5OWI1NzA0OTYzM2NjMyIsImVtYWlsIjoicHJpbmNlODQ0MTIxQGdtYWlsLmNvbSIsImlhdCI6MTc1NDI4MTYxNCwiZXhwIjoxNzU0ODg2NDE0fQ.HKXIyLQrePWGIdGxroZXjYuunBLCU7RyOEkxzlvCjM8',
  'user-agent': 'Mozilla/5.0 (Windows NT 10.0; Win64; x64) AppleWebKit/537.36 (KHTML, like Gecko) Chrome/138.0.0.0 Safari/537.36',
  'sec-ch-ua': '"Not)A;Brand";v="8", "Chromium";v="138", "Google Chrome";v="138"',
  'sec-ch-ua-mobile': '?0',
  accept: '*/*',
  origin: 'http://localhost:3000',
  'sec-fetch-site': 'same-site',
  'sec-fetch-mode': 'cors',
  'sec-fetch-dest': 'empty',
  referer: 'http://localhost:3000/',
  'accept-encoding': 'gzip, deflate, br, zstd',
  'accept-language': 'en-IN,en-GB;q=0.9,en-US;q=0.8,en;q=0.7,hi;q=0.6'
}
Body: {}
[31merror[39m: Socket authentication error: jwt malformed {"name":"JsonWebTokenError","service":"prepmate-backend","stack":"JsonWebTokenError: jwt malformed\n    at module.exports [as verify] (C:\\Users\\Chaman\\Desktop\\project\\prepmate-backend\\node_modules\\jsonwebtoken\\verify.js:70:17)\n    at Array.<anonymous> (C:\\Users\\Chaman\\Desktop\\project\\prepmate-backend\\socket\\socketHandler.js:25:29)\n    at run (C:\\Users\\Chaman\\Desktop\\project\\prepmate-backend\\node_modules\\socket.io\\dist\\namespace.js:130:19)\n    at Namespace.run (C:\\Users\\Chaman\\Desktop\\project\\prepmate-backend\\node_modules\\socket.io\\dist\\namespace.js:141:9)\n    at Namespace._add (C:\\Users\\Chaman\\Desktop\\project\\prepmate-backend\\node_modules\\socket.io\\dist\\namespace.js:218:14)\n    at process.processTicksAndRejections (node:internal/process/task_queues:95:5)","timestamp":"2025-08-04 10:16:30"}
[2025-08-04T04:47:23.294Z] GET /api/notifications
Headers: {
  host: 'localhost:5000',
  connection: 'keep-alive',
  'sec-ch-ua-platform': '"Windows"',
  authorization: 'Bearer eyJhbGciOiJIUzI1NiIsInR5cCI6IkpXVCJ9.eyJpZCI6IjY4OGJkYmNmMDk5OWI1NzA0OTYzM2NjMyIsImVtYWlsIjoicHJpbmNlODQ0MTIxQGdtYWlsLmNvbSIsImlhdCI6MTc1NDI4MTYxNCwiZXhwIjoxNzU0ODg2NDE0fQ.HKXIyLQrePWGIdGxroZXjYuunBLCU7RyOEkxzlvCjM8',
  'user-agent': 'Mozilla/5.0 (Windows NT 10.0; Win64; x64) AppleWebKit/537.36 (KHTML, like Gecko) Chrome/138.0.0.0 Safari/537.36',
  'sec-ch-ua': '"Not)A;Brand";v="8", "Chromium";v="138", "Google Chrome";v="138"',
  'sec-ch-ua-mobile': '?0',
  accept: '*/*',
  origin: 'http://localhost:3000',
  'sec-fetch-site': 'same-site',
  'sec-fetch-mode': 'cors',
  'sec-fetch-dest': 'empty',
  referer: 'http://localhost:3000/',
  'accept-encoding': 'gzip, deflate, br, zstd',
  'accept-language': 'en-IN,en-GB;q=0.9,en-US;q=0.8,en;q=0.7,hi;q=0.6'
}
Body: {}
[31merror[39m: Socket authentication error: invalid signature {"name":"JsonWebTokenError","service":"prepmate-backend","stack":"JsonWebTokenError: invalid signature\n    at C:\\Users\\Chaman\\Desktop\\project\\prepmate-backend\\node_modules\\jsonwebtoken\\verify.js:171:19\n    at getSecret (C:\\Users\\Chaman\\Desktop\\project\\prepmate-backend\\node_modules\\jsonwebtoken\\verify.js:97:14)\n    at module.exports [as verify] (C:\\Users\\Chaman\\Desktop\\project\\prepmate-backend\\node_modules\\jsonwebtoken\\verify.js:101:10)\n    at Array.<anonymous> (C:\\Users\\Chaman\\Desktop\\project\\prepmate-backend\\socket\\socketHandler.js:25:29)\n    at run (C:\\Users\\Chaman\\Desktop\\project\\prepmate-backend\\node_modules\\socket.io\\dist\\namespace.js:130:19)\n    at Namespace.run (C:\\Users\\Chaman\\Desktop\\project\\prepmate-backend\\node_modules\\socket.io\\dist\\namespace.js:141:9)\n    at Namespace._add (C:\\Users\\Chaman\\Desktop\\project\\prepmate-backend\\node_modules\\socket.io\\dist\\namespace.js:218:14)\n    at process.processTicksAndRejections (node:internal/process/task_queues:95:5)","timestamp":"2025-08-04 10:17:43"}
[2025-08-04T04:48:24.273Z] GET /api/notifications
Headers: {
  host: 'localhost:5000',
  connection: 'keep-alive',
  'sec-ch-ua-platform': '"Windows"',
  authorization: 'Bearer eyJhbGciOiJIUzI1NiIsInR5cCI6IkpXVCJ9.eyJpZCI6IjY4OGJkYmNmMDk5OWI1NzA0OTYzM2NjMyIsImVtYWlsIjoicHJpbmNlODQ0MTIxQGdtYWlsLmNvbSIsImlhdCI6MTc1NDI4MTYxNCwiZXhwIjoxNzU0ODg2NDE0fQ.HKXIyLQrePWGIdGxroZXjYuunBLCU7RyOEkxzlvCjM8',
  'user-agent': 'Mozilla/5.0 (Windows NT 10.0; Win64; x64) AppleWebKit/537.36 (KHTML, like Gecko) Chrome/138.0.0.0 Safari/537.36',
  'sec-ch-ua': '"Not)A;Brand";v="8", "Chromium";v="138", "Google Chrome";v="138"',
  'sec-ch-ua-mobile': '?0',
  accept: '*/*',
  origin: 'http://localhost:3000',
  'sec-fetch-site': 'same-site',
  'sec-fetch-mode': 'cors',
  'sec-fetch-dest': 'empty',
  referer: 'http://localhost:3000/',
  'accept-encoding': 'gzip, deflate, br, zstd',
  'accept-language': 'en-IN,en-GB;q=0.9,en-US;q=0.8,en;q=0.7,hi;q=0.6'
}
Body: {}
[2025-08-04T04:49:25.291Z] GET /api/notifications
Headers: {
  host: 'localhost:5000',
  connection: 'keep-alive',
  'sec-ch-ua-platform': '"Windows"',
  authorization: 'Bearer eyJhbGciOiJIUzI1NiIsInR5cCI6IkpXVCJ9.eyJpZCI6IjY4OGJkYmNmMDk5OWI1NzA0OTYzM2NjMyIsImVtYWlsIjoicHJpbmNlODQ0MTIxQGdtYWlsLmNvbSIsImlhdCI6MTc1NDI4MTYxNCwiZXhwIjoxNzU0ODg2NDE0fQ.HKXIyLQrePWGIdGxroZXjYuunBLCU7RyOEkxzlvCjM8',
  'user-agent': 'Mozilla/5.0 (Windows NT 10.0; Win64; x64) AppleWebKit/537.36 (KHTML, like Gecko) Chrome/138.0.0.0 Safari/537.36',
  'sec-ch-ua': '"Not)A;Brand";v="8", "Chromium";v="138", "Google Chrome";v="138"',
  'sec-ch-ua-mobile': '?0',
  accept: '*/*',
  origin: 'http://localhost:3000',
  'sec-fetch-site': 'same-site',
  'sec-fetch-mode': 'cors',
  'sec-fetch-dest': 'empty',
  referer: 'http://localhost:3000/',
  'accept-encoding': 'gzip, deflate, br, zstd',
  'accept-language': 'en-IN,en-GB;q=0.9,en-US;q=0.8,en;q=0.7,hi;q=0.6'
}
Body: {}
[2025-08-04T04:50:26.291Z] GET /api/notifications
Headers: {
  host: 'localhost:5000',
  connection: 'keep-alive',
  'sec-ch-ua-platform': '"Windows"',
  authorization: 'Bearer eyJhbGciOiJIUzI1NiIsInR5cCI6IkpXVCJ9.eyJpZCI6IjY4OGJkYmNmMDk5OWI1NzA0OTYzM2NjMyIsImVtYWlsIjoicHJpbmNlODQ0MTIxQGdtYWlsLmNvbSIsImlhdCI6MTc1NDI4MTYxNCwiZXhwIjoxNzU0ODg2NDE0fQ.HKXIyLQrePWGIdGxroZXjYuunBLCU7RyOEkxzlvCjM8',
  'user-agent': 'Mozilla/5.0 (Windows NT 10.0; Win64; x64) AppleWebKit/537.36 (KHTML, like Gecko) Chrome/138.0.0.0 Safari/537.36',
  'sec-ch-ua': '"Not)A;Brand";v="8", "Chromium";v="138", "Google Chrome";v="138"',
  'sec-ch-ua-mobile': '?0',
  accept: '*/*',
  origin: 'http://localhost:3000',
  'sec-fetch-site': 'same-site',
  'sec-fetch-mode': 'cors',
  'sec-fetch-dest': 'empty',
  referer: 'http://localhost:3000/',
  'accept-encoding': 'gzip, deflate, br, zstd',
  'accept-language': 'en-IN,en-GB;q=0.9,en-US;q=0.8,en;q=0.7,hi;q=0.6'
}
Body: {}
[32minfo[39m: User connected: Test User (68903c04cb51e6dfc1ed1f8a) {"service":"prepmate-backend","timestamp":"2025-08-04 10:20:44"}
[32minfo[39m: User disconnected: Test User (68903c04cb51e6dfc1ed1f8a) {"service":"prepmate-backend","timestamp":"2025-08-04 10:20:48"}
[2025-08-04T04:51:27.272Z] GET /api/notifications
Headers: {
  host: 'localhost:5000',
  connection: 'keep-alive',
  'sec-ch-ua-platform': '"Windows"',
  authorization: 'Bearer eyJhbGciOiJIUzI1NiIsInR5cCI6IkpXVCJ9.eyJpZCI6IjY4OGJkYmNmMDk5OWI1NzA0OTYzM2NjMyIsImVtYWlsIjoicHJpbmNlODQ0MTIxQGdtYWlsLmNvbSIsImlhdCI6MTc1NDI4MTYxNCwiZXhwIjoxNzU0ODg2NDE0fQ.HKXIyLQrePWGIdGxroZXjYuunBLCU7RyOEkxzlvCjM8',
  'user-agent': 'Mozilla/5.0 (Windows NT 10.0; Win64; x64) AppleWebKit/537.36 (KHTML, like Gecko) Chrome/138.0.0.0 Safari/537.36',
  'sec-ch-ua': '"Not)A;Brand";v="8", "Chromium";v="138", "Google Chrome";v="138"',
  'sec-ch-ua-mobile': '?0',
  accept: '*/*',
  origin: 'http://localhost:3000',
  'sec-fetch-site': 'same-site',
  'sec-fetch-mode': 'cors',
  'sec-fetch-dest': 'empty',
  referer: 'http://localhost:3000/',
  'accept-encoding': 'gzip, deflate, br, zstd',
  'accept-language': 'en-IN,en-GB;q=0.9,en-US;q=0.8,en;q=0.7,hi;q=0.6'
}
Body: {}
